#
# A fatal error has been detected by the Java Runtime Environment:
#
#  EXCEPTION_ACCESS_VIOLATION (0xc0000005) at pc=0x00007ffdca1749fc, pid=8136, tid=4876
#
# JRE version: OpenJDK Runtime Environment Temurin-21.0.9+10 (21.0.9+10) (build 21.0.9+10-LTS)
# Java VM: OpenJDK 64-Bit Server VM Temurin-21.0.9+10 (21.0.9+10-LTS, mixed mode, sharing, tiered, compressed oops, compressed class ptrs, parallel gc, windows-amd64)
# Problematic frame:
# V  [jvm.dll+0x7b49fc]
#
# No core dump will be written. Minidumps are not enabled by default on client versions of Windows
#
# If you would like to submit a bug report, please visit:
#   https://github.com/adoptium/adoptium-support/issues
#

---------------  S U M M A R Y ------------

Command Line: --add-modules=ALL-SYSTEM --add-opens=java.base/java.util=ALL-UNNAMED --add-opens=java.base/java.lang=ALL-UNNAMED --add-opens=java.base/sun.nio.fs=ALL-UNNAMED -Declipse.application=org.eclipse.jdt.ls.core.id1 -Dosgi.bundles.defaultStartLevel=4 -Declipse.product=org.eclipse.jdt.ls.core.product -Djava.import.generatesMetadataFilesAtProjectRoot=false -DDetectVMInstallationsJob.disabled=true -Dfile.encoding=utf8 -XX:+UseParallelGC -XX:GCTimeRatio=4 -XX:AdaptiveSizePolicyWeight=90 -Dsun.zip.disableMemoryMapping=true -Xmx2G -Xms100m -Xlog:disable -javaagent:c:\Users\manoj\.cursor\extensions\redhat.java-1.49.0-win32-x64\lombok\lombok-1.18.39-4050.jar c:\Users\manoj\.cursor\extensions\redhat.java-1.49.0-win32-x64\server\plugins\org.eclipse.equinox.launcher_1.7.100.v20251111-0406.jar -configuration c:\Users\manoj\AppData\Roaming\Cursor\User\globalStorage\redhat.java\1.49.0\config_ss_win -data c:\Users\manoj\AppData\Roaming\Cursor\User\workspaceStorage\4c4c580d917931f30a2e0453d85f025b\redhat.java\ss_ws --pipe=\\.\pipe\lsp-e439eee1ab6567160ada7b6f808d0b9c-sock

Host: Intel(R) Core(TM) i5-6500T CPU @ 2.50GHz, 4 cores, 15G,  Windows 11 , 64 bit Build 26100 (10.0.26100.7019)
Time: Sat Nov 22 07:02:29 2025 India Standard Time elapsed time: 120.578805 seconds (0d 0h 2m 0s)

---------------  T H R E A D  ---------------

Current thread (0x00000213043e7a20):  JavaThread "Worker-1: Shutdown..."        [_thread_in_vm, id=4876, stack(0x000000865f400000,0x000000865f500000) (1024K)]

Stack: [0x000000865f400000,0x000000865f500000],  sp=0x000000865f4fdfe0,  free space=1015k
Native frames: (J=compiled Java code, j=interpreted, Vv=VM code, C=native code)
V  [jvm.dll+0x7b49fc]
V  [jvm.dll+0x7b6130]
V  [jvm.dll+0x7b6f7d]
V  [jvm.dll+0x7b713f]
V  [jvm.dll+0x273b30]
V  [jvm.dll+0x272dee]
V  [jvm.dll+0x148b2d]
V  [jvm.dll+0x3e072e]
C  0x000002132db3b932

The last pc belongs to fast_aldc_w (printed below).
Java frames: (J=compiled Java code, j=interpreted, Vv=VM code)
j  com.sun.jna.Native.getSignature(Ljava/lang/Class;)Ljava/lang/String;+147
j  com.sun.jna.Native.register(Ljava/lang/Class;Lcom/sun/jna/NativeLibrary;)V+582
j  com.sun.jna.Native.register(Lcom/sun/jna/NativeLibrary;)V+7
j  org.eclipse.core.internal.filesystem.local.Win32Handler$FileAPIh.<clinit>()V+5
v  ~StubRoutines::call_stub 0x000002132db2100d
j  org.eclipse.core.internal.filesystem.local.Win32Handler.fetchFileInfo(Ljava/lang/String;)Lorg/eclipse/core/filesystem/provider/FileInfo;+102
j  org.eclipse.core.internal.filesystem.local.LocalFileNativesManager.fetchFileInfo(Ljava/lang/String;)Lorg/eclipse/core/filesystem/provider/FileInfo;+4
j  org.eclipse.core.internal.filesystem.local.LocalFile.fetchInfo(ILorg/eclipse/core/runtime/IProgressMonitor;)Lorg/eclipse/core/filesystem/IFileInfo;+4
j  org.eclipse.core.filesystem.provider.FileStore.fetchInfo()Lorg/eclipse/core/filesystem/IFileInfo;+3
j  org.eclipse.core.internal.localstore.BlobStore.<init>(Lorg/eclipse/core/filesystem/IFileStore;I)V+17
j  org.eclipse.core.internal.localstore.HistoryStore2.<init>(Lorg/eclipse/core/internal/resources/Workspace;Lorg/eclipse/core/filesystem/IFileStore;I)V+41
j  org.eclipse.core.internal.localstore.FileSystemResourceManager.getHistoryStore()Lorg/eclipse/core/internal/localstore/IHistoryStore;+51
j  org.eclipse.core.internal.resources.SaveManager.save(IZLorg/eclipse/core/internal/resources/Project;Lorg/eclipse/core/runtime/IProgressMonitor;)Lorg/eclipse/core/runtime/IStatus;+291
j  org.eclipse.core.internal.resources.Workspace.save(ZZLorg/eclipse/core/runtime/IProgressMonitor;)Lorg/eclipse/core/runtime/IStatus;+47
j  org.eclipse.core.internal.resources.Workspace.save(ZLorg/eclipse/core/runtime/IProgressMonitor;)Lorg/eclipse/core/runtime/IStatus;+4
j  org.eclipse.jdt.ls.core.internal.syntaxserver.SyntaxLanguageServer$1.run(Lorg/eclipse/core/runtime/IProgressMonitor;)Lorg/eclipse/core/runtime/IStatus;+5
j  org.eclipse.core.internal.jobs.Worker.run()V+32
v  ~StubRoutines::call_stub 0x000002132db2100d

siginfo: EXCEPTION_ACCESS_VIOLATION (0xc0000005), reading address 0x0000000000000018


Registers:
RAX=0x0000000000000000, RBX=0x00000213231fa300, RCX=0x000000000000004c, RDX=0x000000000000004c
RSP=0x000000865f4fdfe0, RBP=0x0000000000000000, RSI=0x000000865f4fe070, RDI=0x0000000000000000
R8 =0x000000865f4fe070, R9 =0x000000865f4fe060, R10=0x0000000000000000, R11=0x0000021323316f02
R12=0x0000000000000000, R13=0x000000865f4fe060, R14=0x00000213233ed8d0, R15=0x00000213043e7a20
RIP=0x00007ffdca1749fc, EFLAGS=0x0000000000010202

XMM[0]=0x000000865f4fe5e8 0x3ff0000000000000
XMM[1]=0x0000000000000000 0x000000865f4fe598
XMM[2]=0x0000000000000000 0x00000000d5d48600
XMM[3]=0x0000000000000000 0x00000000d5d48640
XMM[4]=0x0000000000000000 0x00000000d5d48640
XMM[5]=0x0000000000000000 0x0000000000000000
XMM[6]=0x5087926cc06abb14 0xfb5fdd644847ac12
XMM[7]=0xf6b79de70d4ca252 0xdafe94a929899a14
XMM[8]=0x0662a674bbb51452 0xded560a5e1caaeca
XMM[9]=0x9877602b9877602b 0x9877602bd73f4210
XMM[10]=0x0000000000000000 0x000000003ec7e1e5
XMM[11]=0x82e9336a82e9336a 0x82e9336a5a28757a
XMM[12]=0x0000000000000000 0x00000000d73f4210
XMM[13]=0x0000000000000000 0x000000000439d57c
XMM[14]=0x0000000000000000 0xba147737f930cecb
XMM[15]=0x0000000000000000 0x000000003f1c5794
  MXCSR=0x00001fa0


Register to memory mapping:

RAX=0x0 is null
RBX=0x00000213231fa300 points into unknown readable memory: 0x000000080000000f | 0f 00 00 00 08 00 00 00
RCX=0x000000000000004c is an unknown value
RDX=0x000000000000004c is an unknown value
RSP=0x000000865f4fdfe0 is pointing into the stack for thread: 0x00000213043e7a20
RBP=0x0 is null
RSI=0x000000865f4fe070 is pointing into the stack for thread: 0x00000213043e7a20
RDI=0x0 is null
R8 =0x000000865f4fe070 is pointing into the stack for thread: 0x00000213043e7a20
R9 =0x000000865f4fe060 is pointing into the stack for thread: 0x00000213043e7a20
R10=0x0 is null
R11=0x0000021323316f02 points into unknown readable memory: 44 ca fd 7f 00 00
R12=0x0 is null
R13=0x000000865f4fe060 is pointing into the stack for thread: 0x00000213043e7a20
R14=0x00000213233ed8d0 points into unknown readable memory: 0x000002132340f330 | 30 f3 40 23 13 02 00 00
R15=0x00000213043e7a20 is a thread

Top of Stack: (sp=0x000000865f4fdfe0)
0x000000865f4fdfe0:   00000213043e7a20 0000000000000000
0x000000865f4fdff0:   00000213014afe98 00000213014afe98
0x000000865f4fe000:   00000213043e7a20 00000213043e7a20
0x000000865f4fe010:   00000000000003d8 00000213233172d8
0x000000865f4fe020:   000000000000004c 00007ffdca176130
0x000000865f4fe030:   0000000000000000 0000021323316f00
0x000000865f4fe040:   0000000000000001 000002133a536200
0x000000865f4fe050:   000000865f4fe0b8 0000021304f650d0
0x000000865f4fe060:   00000213043e7a20 0000000000000000
0x000000865f4fe070:   00000213043e7a20 000000000000004c
0x000000865f4fe080:   0000021300000001 0000021323316f00
0x000000865f4fe090:   0000000000000000 00000213014c1d4c
0x000000865f4fe0a0:   0000000000000001 00007ffdca176f7d
0x000000865f4fe0b0:   0000000000000000 00007ffdca1df721
0x000000865f4fe0c0:   000000000000004c 0000021323316f00
0x000000865f4fe0d0:   0000000400000010 0000000000000000
0x000000865f4fe0e0:   00000213043e7a20 00007ffdca17713f
0x000000865f4fe0f0:   0000000000000000 0000021323316ef0
0x000000865f4fe100:   0000021323316f00 0000021304f650d0
0x000000865f4fe110:   00000213043e7a20 0000000000000068
0x000000865f4fe120:   000000865f4fe440 000000000000041c
0x000000865f4fe130:   0000000000000000 00007ffdc9c33b30
0x000000865f4fe140:   0000000000000001 000000865f4fe440
0x000000865f4fe150:   00000213043e7a20 0000000000000068
0x000000865f4fe160:   0000000000000000 00007ffdc9c32dee
0x000000865f4fe170:   0000000000000008 000000865f4fe270
0x000000865f4fe180:   000000000000041c 00007ffdc9c07f87
0x000000865f4fe190:   00000213014afe98 00007ffdc9c0791d
0x000000865f4fe1a0:   000000865f4f0100 000002133a4867d0
0x000000865f4fe1b0:   000002133a536208 0000000000000000
0x000000865f4fe1c0:   000000860000041c 00007ffdc9c07f87
0x000000865f4fe1d0:   000000537558745f 00007ffdc9dec125 

Instructions: (pc=0x00007ffdca1749fc)
0x00007ffdca1748fc:   49 ff 47 20 4d 8b 36 4d 85 f6 0f 85 57 ff ff ff
0x00007ffdca17490c:   48 8b bc 24 98 00 00 00 33 f6 48 8b 9c 24 90 00
0x00007ffdca17491c:   00 00 48 8b 84 24 a8 00 00 00 49 ff c4 48 89 87
0x00007ffdca17492c:   a8 01 00 00 4c 3b 63 10 0f 82 d6 fe ff ff 4c 8b
0x00007ffdca17493c:   74 24 50 49 8d 45 48 48 8b ac 24 a0 00 00 00 49
0x00007ffdca17494c:   8b 4d 40 49 89 75 50 48 89 30 48 83 c4 58 41 5f
0x00007ffdca17495c:   41 5d 41 5c 5f 5e 5b e9 38 fe ee ff cc cc cc cc
0x00007ffdca17496c:   cc cc cc cc 48 89 5c 24 08 48 89 6c 24 10 48 89
0x00007ffdca17497c:   74 24 18 57 41 54 41 55 41 56 41 57 48 83 ec 20
0x00007ffdca17498c:   4c 8b a2 a8 01 00 00 4d 8b e9 49 8b f0 4c 8b fa
0x00007ffdca17499c:   4c 8b f1 49 8b c4 41 f6 c4 01 75 0b 48 8b 05 41
0x00007ffdca1749ac:   00 4f 00 48 83 c8 01 48 89 82 a8 01 00 00 e8 71
0x00007ffdca1749bc:   26 f1 ff 90 33 ed 49 8b 46 50 48 85 c0 74 0a 49
0x00007ffdca1749cc:   89 6e 50 e8 5c 26 f1 ff 90 49 8b 46 10 40 32 ff
0x00007ffdca1749dc:   48 8b 56 08 48 8b 48 18 48 8b 00 48 23 ca 48 8d
0x00007ffdca1749ec:   1c c8 48 8b 04 c8 d0 e8 a8 01 74 12 49 8b 46 18
0x00007ffdca1749fc:   48 8b 48 18 48 8b 00 48 23 ca 48 8d 1c c8 48 8b
0x00007ffdca174a0c:   1b 48 83 e3 fc 74 4c 48 8b 4b 08 48 ff c5 ff 15
0x00007ffdca174a1c:   40 2b 48 00 48 85 c0 74 14 44 8b 46 10 48 8b c8
0x00007ffdca174a2c:   48 8b 56 18 e8 ab 8d c3 ff 84 c0 75 57 40 84 ff
0x00007ffdca174a3c:   75 19 48 8b 4b 08 ff 15 18 2b 48 00 48 85 c0 40
0x00007ffdca174a4c:   0f b6 ff b8 01 00 00 00 0f 44 f8 48 8b 1b 48 85
0x00007ffdca174a5c:   db 75 b4 33 c0 48 8b 4c 24 70 48 8d 53 08 48 85
0x00007ffdca174a6c:   db 48 0f 44 d0 48 85 c9 74 09 49 3b 6e 30 0f 97
0x00007ffdca174a7c:   c0 88 01 48 85 d2 74 76 49 8b cd e8 74 0d 00 00
0x00007ffdca174a8c:   b0 01 eb 6c 48 8b 4b 08 ff 15 c6 2f 48 00 48 8b
0x00007ffdca174a9c:   f8 48 85 c0 75 09 48 8b c8 48 89 46 20 eb b6 48
0x00007ffdca174aac:   8b 06 4c 8b 88 20 03 00 00 49 8b 49 18 49 8b 41
0x00007ffdca174abc:   20 48 2b c1 48 83 f8 08 72 13 48 8d 41 08 49 89
0x00007ffdca174acc:   41 18 33 c0 48 89 39 48 89 4e 20 eb 88 45 33 c0
0x00007ffdca174adc:   ba 08 00 00 00 49 8b c9 e8 47 20 91 ff 48 8b c8
0x00007ffdca174aec:   48 89 38 33 c0 48 89 4e 20 e9 67 ff ff ff 32 c0 


Stack slot to memory mapping:

stack at sp + 0 slots: 0x00000213043e7a20 is a thread
stack at sp + 1 slots: 0x0 is null
stack at sp + 2 slots: {method} {0x00000213014afea0} 'getSignature' '(Ljava/lang/Class;)Ljava/lang/String;' in 'com/sun/jna/Native'
stack at sp + 3 slots: {method} {0x00000213014afea0} 'getSignature' '(Ljava/lang/Class;)Ljava/lang/String;' in 'com/sun/jna/Native'
stack at sp + 4 slots: 0x00000213043e7a20 is a thread
stack at sp + 5 slots: 0x00000213043e7a20 is a thread
stack at sp + 6 slots: 0x00000000000003d8 is an unknown value
stack at sp + 7 slots: 0x00000213233172d8 points into unknown readable memory: 0x0000000000000000 | 00 00 00 00 00 00 00 00

fast_aldc_w  231 fast_aldc_w  [0x000002132db3b880, 0x000002132db3b9c0]  320 bytes
[MachCode]
  0x000002132db3b880: 4883 ec08 | c5fa 1104 | 24eb 1f48 | 83ec 10c5 | fb11 0424 | eb14 4883 | ec10 4889 | 0424 48c7 
  0x000002132db3b8a0: 4424 0800 | 0000 00eb | 0150 410f | b755 0148 | 8b45 e848 | 8b40 0848 | 8b40 0848 | 8b40 1048 
  0x000002132db3b8c0: 8b40 1048 | 8b00 8b44 | 9010 4885 | c00f 85b7 | 0000 00ba | e700 0000 | e805 0000 | 00e9 a800 
  0x000002132db3b8e0: 0000 488d | 4424 084c | 896d c049 | 8bcf c5f8 | 7749 89af | a803 0000 | 4989 8798 | 0300 0048 
  0x000002132db3b900: 83ec 2040 | f6c4 0f0f | 8419 0000 | 0048 83ec | 0848 b8f0 | 05da c9fd | 7f00 00ff | d048 83c4 
  0x000002132db3b920: 08e9 0c00 | 0000 48b8 | f005 dac9 | fd7f 0000 | ffd0 4883 | c420 49c7 | 8798 0300 | 0000 0000 
  0x000002132db3b940: 0049 c787 | a803 0000 | 0000 0000 | 49c7 87a0 | 0300 0000 | 0000 00c5 | f877 4983 | 7f08 000f 
  0x000002132db3b960: 8405 0000 | 00e9 9655 | feff 498b | 87f0 0300 | 0049 c787 | f003 0000 | 0000 0000 | 4c8b 6dc0 
  0x000002132db3b980: 4c8b 75c8 | 4e8d 74f5 | 00c3 48ba | f018 6aca | fd7f 0000 | 488b 1248 | 8b12 483b | d075 0348 
  0x000002132db3b9a0: 33c0 410f | b65d 0349 | 83c5 0349 | ba30 1569 | cafd 7f00 | 0041 ff24 | da0f 1f80 | 0000 0000 
[/MachCode]

---------------  P R O C E S S  ---------------

Threads class SMR info:
_java_thread_list=0x0000021304b61be0, length=29, elements={
0x00000213233edf30, 0x00000213232da950, 0x00000213232dddd0, 0x00000213232dfdc0,
0x00000213232e3d80, 0x00000213232e4900, 0x00000213232e55b0, 0x00000213232e63e0,
0x00000213233618f0, 0x0000021304143400, 0x0000021304213b00, 0x0000021304460d70,
0x000002130430dce0, 0x00000213041eb4d0, 0x000002130468ecb0, 0x00000213047bc140,
0x00000213043e7a20, 0x00000213051f9710, 0x0000021304b65010, 0x0000021305910040,
0x000002130534ad00, 0x000002130534ba20, 0x000002130534b390, 0x000002130534a670,
0x0000021305349fe0, 0x0000021305348c30, 0x00000213053485a0, 0x00000213053492c0,
0x0000021305349950
}

Java Threads: ( => current thread )
  0x00000213233edf30 JavaThread "main"                              [_thread_blocked, id=13936, stack(0x000000865dd00000,0x000000865de00000) (1024K)]
  0x00000213232da950 JavaThread "Reference Handler"          daemon [_thread_blocked, id=9380, stack(0x000000865e200000,0x000000865e300000) (1024K)]
  0x00000213232dddd0 JavaThread "Finalizer"                  daemon [_thread_blocked, id=10328, stack(0x000000865e300000,0x000000865e400000) (1024K)]
  0x00000213232dfdc0 JavaThread "Signal Dispatcher"          daemon [_thread_blocked, id=11676, stack(0x000000865e400000,0x000000865e500000) (1024K)]
  0x00000213232e3d80 JavaThread "Attach Listener"            daemon [_thread_blocked, id=576, stack(0x000000865e500000,0x000000865e600000) (1024K)]
  0x00000213232e4900 JavaThread "Service Thread"             daemon [_thread_blocked, id=12228, stack(0x000000865e600000,0x000000865e700000) (1024K)]
  0x00000213232e55b0 JavaThread "Monitor Deflation Thread"   daemon [_thread_blocked, id=13400, stack(0x000000865e700000,0x000000865e800000) (1024K)]
  0x00000213232e63e0 JavaThread "C2 CompilerThread0"         daemon [_thread_blocked, id=2896, stack(0x000000865e800000,0x000000865e900000) (1024K)]
  0x00000213233618f0 JavaThread "C1 CompilerThread0"         daemon [_thread_blocked, id=13088, stack(0x000000865e900000,0x000000865ea00000) (1024K)]
  0x0000021304143400 JavaThread "Common-Cleaner"             daemon [_thread_blocked, id=13020, stack(0x000000865ea00000,0x000000865eb00000) (1024K)]
  0x0000021304213b00 JavaThread "Notification Thread"        daemon [_thread_blocked, id=12132, stack(0x000000865eb00000,0x000000865ec00000) (1024K)]
  0x0000021304460d70 JavaThread "Active Thread: Equinox Container: e7ec9422-0437-4f4e-a4e7-beaa83ca443f"        [_thread_blocked, id=3556, stack(0x000000865ec00000,0x000000865ed00000) (1024K)]
  0x000002130430dce0 JavaThread "Framework Event Dispatcher: Equinox Container: e7ec9422-0437-4f4e-a4e7-beaa83ca443f" daemon [_thread_blocked, id=15284, stack(0x000000865db00000,0x000000865dc00000) (1024K)]
  0x00000213041eb4d0 JavaThread "Start Level: Equinox Container: e7ec9422-0437-4f4e-a4e7-beaa83ca443f" daemon [_thread_blocked, id=15288, stack(0x000000865f000000,0x000000865f100000) (1024K)]
  0x000002130468ecb0 JavaThread "SCR Component Actor"        daemon [_thread_blocked, id=15308, stack(0x000000865f100000,0x000000865f200000) (1024K)]
  0x00000213047bc140 JavaThread "Worker-JM"                         [_thread_blocked, id=15340, stack(0x000000865f200000,0x000000865f300000) (1024K)]
=>0x00000213043e7a20 JavaThread "Worker-1: Shutdown..."             [_thread_in_vm, id=4876, stack(0x000000865f400000,0x000000865f500000) (1024K)]
  0x00000213051f9710 JavaThread "JNA Cleaner"                daemon [_thread_blocked, id=4228, stack(0x000000865f500000,0x000000865f600000) (1024K)]
  0x0000021304b65010 JavaThread "Thread-1"                   daemon [_thread_in_native, id=12908, stack(0x000000865f800000,0x000000865f900000) (1024K)]
  0x0000021305910040 JavaThread "Thread-2"                   daemon [_thread_in_native, id=11452, stack(0x000000865f900000,0x000000865fa00000) (1024K)]
  0x000002130534ad00 JavaThread "Thread-3"                   daemon [_thread_in_native, id=1452, stack(0x000000865fa00000,0x000000865fb00000) (1024K)]
  0x000002130534ba20 JavaThread "Thread-4"                   daemon [_thread_in_native, id=8132, stack(0x000000865fb00000,0x000000865fc00000) (1024K)]
  0x000002130534b390 JavaThread "Thread-5"                   daemon [_thread_in_native, id=1488, stack(0x000000865fc00000,0x000000865fd00000) (1024K)]
  0x000002130534a670 JavaThread "Worker-2"                          [_thread_blocked, id=10560, stack(0x000000865fd00000,0x000000865fe00000) (1024K)]
  0x0000021305349fe0 JavaThread "pool-2-thread-1"                   [_thread_blocked, id=4224, stack(0x000000865fe00000,0x000000865ff00000) (1024K)]
  0x0000021305348c30 JavaThread "WorkspaceEventsHandler"            [_thread_blocked, id=9744, stack(0x000000865f700000,0x000000865f800000) (1024K)]
  0x00000213053485a0 JavaThread "pool-1-thread-1"                   [_thread_blocked, id=11804, stack(0x000000865ff00000,0x0000008660000000) (1024K)]
  0x00000213053492c0 JavaThread "ForkJoinPool.commonPool-worker-1" daemon [_thread_blocked, id=2564, stack(0x000000865da00000,0x000000865db00000) (1024K)]
  0x0000021305349950 JavaThread "pool-3-thread-1"                   [_thread_blocked, id=3568, stack(0x000000865dc00000,0x000000865dd00000) (1024K)]
Total: 29

Other Threads:
  0x00000213234ac100 VMThread "VM Thread"                           [id=11908, stack(0x000000865e100000,0x000000865e200000) (1024K)]
  0x000002132327ca00 WatcherThread "VM Periodic Task Thread"        [id=11852, stack(0x000000865e000000,0x000000865e100000) (1024K)]
  0x000002132340bfd0 WorkerThread "GC Thread#0"                     [id=2116, stack(0x000000865df00000,0x000000865e000000) (1024K)]
  0x000002130466e490 WorkerThread "GC Thread#1"                     [id=6220, stack(0x000000865ed00000,0x000000865ee00000) (1024K)]
  0x000002130466e830 WorkerThread "GC Thread#2"                     [id=14088, stack(0x000000865ee00000,0x000000865ef00000) (1024K)]
  0x000002130478c030 WorkerThread "GC Thread#3"                     [id=10756, stack(0x000000865ef00000,0x000000865f000000) (1024K)]
Total: 6

Threads with active compile tasks:
Total: 0

VM state: not at safepoint (normal execution)

VM Mutex/Monitor currently owned by a thread: None

Heap address: 0x0000000080000000, size: 2048 MB, Compressed Oops mode: 32-bit

CDS archive(s) mapped at: [0x000002133a000000-0x000002133aba0000-0x000002133aba0000), size 12189696, SharedBaseAddress: 0x000002133a000000, ArchiveRelocationMode: 1.
Compressed class space mapped at: 0x000002133b000000-0x000002137b000000, reserved size: 1073741824
Narrow klass base: 0x000002133a000000, Narrow klass shift: 0, Narrow klass range: 0x100000000

GC Precious Log:
 CardTable entry size: 512
 CPUs: 4 total, 4 available
 Memory: 16232M
 Large Page Support: Disabled
 NUMA Support: Disabled
 Compressed Oops: Enabled (32-bit)
 Alignments: Space 512K, Generation 512K, Heap 2M
 Heap Min Capacity: 100M
 Heap Initial Capacity: 100M
 Heap Max Capacity: 2G
 Pre-touch: Disabled
 Parallel Workers: 4

Heap:
 PSYoungGen      total 27648K, used 11479K [0x00000000d5580000, 0x00000000d7500000, 0x0000000100000000)
  eden space 24064K, 33% used [0x00000000d5580000,0x00000000d5d4cce0,0x00000000d6d00000)
  from space 3584K, 97% used [0x00000000d7100000,0x00000000d7469308,0x00000000d7480000)
  to   space 4096K, 0% used [0x00000000d6d00000,0x00000000d6d00000,0x00000000d7100000)
 ParOldGen       total 68608K, used 10099K [0x0000000080000000, 0x0000000084300000, 0x00000000d5580000)
  object space 68608K, 14% used [0x0000000080000000,0x00000000809dcdd8,0x0000000084300000)
 Metaspace       used 29271K, committed 30144K, reserved 1114112K
  class space    used 2979K, committed 3392K, reserved 1048576K

Card table byte_map: [0x0000021322d90000,0x00000213231a0000] _byte_map_base: 0x0000021322990000

Marking Bits: (ParMarkBitMap*) 0x00007ffdca682460
 Begin Bits: [0x00000213358a0000, 0x00000213378a0000)
 End Bits:   [0x00000213378a0000, 0x00000213398a0000)

Polling page: 0x00000213211d0000

Metaspace:

Usage:
  Non-class:     25.68 MB used.
      Class:      2.91 MB used.
       Both:     28.59 MB used.

Virtual space:
  Non-class space:       64.00 MB reserved,      26.12 MB ( 41%) committed,  1 nodes.
      Class space:        1.00 GB reserved,       3.31 MB ( <1%) committed,  1 nodes.
             Both:        1.06 GB reserved,      29.44 MB (  3%) committed. 

Chunk freelists:
   Non-Class:  5.86 MB
       Class:  12.56 MB
        Both:  18.42 MB

MaxMetaspaceSize: unlimited
CompressedClassSpaceSize: 1.00 GB
Initial GC threshold: 21.00 MB
Current GC threshold: 35.00 MB
CDS: on
 - commit_granule_bytes: 65536.
 - commit_granule_words: 8192.
 - virtual_space_node_default_size: 8388608.
 - enlarge_chunks_in_place: 1.
 - use_allocation_guard: 0.


Internal statistics:

num_allocs_failed_limit: 3.
num_arena_births: 562.
num_arena_deaths: 14.
num_vsnodes_births: 2.
num_vsnodes_deaths: 0.
num_space_committed: 471.
num_space_uncommitted: 0.
num_chunks_returned_to_freelist: 17.
num_chunks_taken_from_freelist: 1677.
num_chunk_merges: 8.
num_chunk_splits: 1108.
num_chunks_enlarged: 718.
num_inconsistent_stats: 0.

CodeHeap 'non-profiled nmethods': size=120000Kb used=1648Kb max_used=1648Kb free=118351Kb
 bounds [0x000002132e0c0000, 0x000002132e330000, 0x00000213355f0000]
CodeHeap 'profiled nmethods': size=120000Kb used=6896Kb max_used=6896Kb free=113104Kb
 bounds [0x00000213265f0000, 0x0000021326cb0000, 0x000002132db20000]
CodeHeap 'non-nmethods': size=5760Kb used=1343Kb max_used=1386Kb free=4417Kb
 bounds [0x000002132db20000, 0x000002132dd90000, 0x000002132e0c0000]
CodeCache: size=245760Kb, used=9887Kb, max_used=9930Kb, free=235872Kb
 total_blobs=4155, nmethods=3520, adapters=541, full_count=0
Compilation: enabled, stopped_count=0, restarted_count=0

Compilation events (20 events):
Event: 120.463 Thread 0x00000213232e63e0 3513   !   4       java.io.RandomAccessFile::seek (42 bytes)
Event: 120.465 Thread 0x00000213232e63e0 nmethod 3513 0x000002132e25b910 code [0x000002132e25bac0, 0x000002132e25bc40]
Event: 120.482 Thread 0x00000213233618f0 3514       1       java.util.concurrent.locks.ReentrantReadWriteLock::writeLock (5 bytes)
Event: 120.482 Thread 0x00000213233618f0 nmethod 3514 0x000002132e25be10 code [0x000002132e25bfa0, 0x000002132e25c068]
Event: 120.487 Thread 0x00000213233618f0 3515       3       java.lang.reflect.Field::get (39 bytes)
Event: 120.488 Thread 0x00000213233618f0 nmethod 3515 0x0000021326ca7e10 code [0x0000021326ca8040, 0x0000021326ca8590]
Event: 120.497 Thread 0x00000213233618f0 3516       3       java.lang.reflect.Constructor::<init> (50 bytes)
Event: 120.497 Thread 0x00000213233618f0 nmethod 3516 0x0000021326ca8790 code [0x0000021326ca8940, 0x0000021326ca8c08]
Event: 120.499 Thread 0x00000213233618f0 3517       3       java.lang.Class::privateGetDeclaredConstructors (79 bytes)
Event: 120.499 Thread 0x00000213233618f0 nmethod 3517 0x0000021326ca8d10 code [0x0000021326ca8f00, 0x0000021326ca9378]
Event: 120.505 Thread 0x00000213233618f0 3518       3       java.util.LinkedList$ListItr::next (56 bytes)
Event: 120.505 Thread 0x00000213233618f0 nmethod 3518 0x0000021326ca9510 code [0x0000021326ca9700, 0x0000021326ca9b98]
Event: 120.506 Thread 0x00000213233618f0 3519       3       java.lang.invoke.MethodType::methodType (69 bytes)
Event: 120.506 Thread 0x00000213233618f0 nmethod 3519 0x0000021326ca9d90 code [0x0000021326ca9fa0, 0x0000021326caa450]
Event: 120.508 Thread 0x00000213233618f0 3520       3       java.lang.Short::<init> (10 bytes)
Event: 120.509 Thread 0x00000213233618f0 nmethod 3520 0x0000021326caa610 code [0x0000021326caa7c0, 0x0000021326caa988]
Event: 120.510 Thread 0x00000213233618f0 3521       3       java.lang.Class::getConstructor0 (83 bytes)
Event: 120.511 Thread 0x00000213233618f0 nmethod 3521 0x0000021326caaa90 code [0x0000021326caad20, 0x0000021326cab758]
Event: 120.514 Thread 0x00000213233618f0 3522       3       java.lang.Integer::hashCode (8 bytes)
Event: 120.514 Thread 0x00000213233618f0 nmethod 3522 0x0000021326cabc10 code [0x0000021326cabdc0, 0x0000021326cabf28]

GC Heap History (18 events):
Event: 3.696 GC heap before
{Heap before GC invocations=1 (full 0):
 PSYoungGen      total 29696K, used 25600K [0x00000000d5580000, 0x00000000d7680000, 0x0000000100000000)
  eden space 25600K, 100% used [0x00000000d5580000,0x00000000d6e80000,0x00000000d6e80000)
  from space 4096K, 0% used [0x00000000d7280000,0x00000000d7280000,0x00000000d7680000)
  to   space 4096K, 0% used [0x00000000d6e80000,0x00000000d6e80000,0x00000000d7280000)
 ParOldGen       total 68608K, used 0K [0x0000000080000000, 0x0000000084300000, 0x00000000d5580000)
  object space 68608K, 0% used [0x0000000080000000,0x0000000080000000,0x0000000084300000)
 Metaspace       used 4350K, committed 4608K, reserved 1114112K
  class space    used 473K, committed 576K, reserved 1048576K
}
Event: 3.714 GC heap after
{Heap after GC invocations=1 (full 0):
 PSYoungGen      total 29696K, used 3280K [0x00000000d5580000, 0x00000000d7680000, 0x0000000100000000)
  eden space 25600K, 0% used [0x00000000d5580000,0x00000000d5580000,0x00000000d6e80000)
  from space 4096K, 80% used [0x00000000d6e80000,0x00000000d71b4148,0x00000000d7280000)
  to   space 4096K, 0% used [0x00000000d7280000,0x00000000d7280000,0x00000000d7680000)
 ParOldGen       total 68608K, used 0K [0x0000000080000000, 0x0000000084300000, 0x00000000d5580000)
  object space 68608K, 0% used [0x0000000080000000,0x0000000080000000,0x0000000084300000)
 Metaspace       used 4350K, committed 4608K, reserved 1114112K
  class space    used 473K, committed 576K, reserved 1048576K
}
Event: 39.633 GC heap before
{Heap before GC invocations=2 (full 0):
 PSYoungGen      total 29696K, used 28869K [0x00000000d5580000, 0x00000000d7680000, 0x0000000100000000)
  eden space 25600K, 99% used [0x00000000d5580000,0x00000000d6e7d6b0,0x00000000d6e80000)
  from space 4096K, 80% used [0x00000000d6e80000,0x00000000d71b4148,0x00000000d7280000)
  to   space 4096K, 0% used [0x00000000d7280000,0x00000000d7280000,0x00000000d7680000)
 ParOldGen       total 68608K, used 0K [0x0000000080000000, 0x0000000084300000, 0x00000000d5580000)
  object space 68608K, 0% used [0x0000000080000000,0x0000000080000000,0x0000000084300000)
 Metaspace       used 8294K, committed 8576K, reserved 1114112K
  class space    used 882K, committed 1024K, reserved 1048576K
}
Event: 39.640 GC heap after
{Heap after GC invocations=2 (full 0):
 PSYoungGen      total 29696K, used 4070K [0x00000000d5580000, 0x00000000d7680000, 0x0000000100000000)
  eden space 25600K, 0% used [0x00000000d5580000,0x00000000d5580000,0x00000000d6e80000)
  from space 4096K, 99% used [0x00000000d7280000,0x00000000d7679800,0x00000000d7680000)
  to   space 4096K, 0% used [0x00000000d6e80000,0x00000000d6e80000,0x00000000d7280000)
 ParOldGen       total 68608K, used 943K [0x0000000080000000, 0x0000000084300000, 0x00000000d5580000)
  object space 68608K, 1% used [0x0000000080000000,0x00000000800ebeb8,0x0000000084300000)
 Metaspace       used 8294K, committed 8576K, reserved 1114112K
  class space    used 882K, committed 1024K, reserved 1048576K
}
Event: 42.751 GC heap before
{Heap before GC invocations=3 (full 0):
 PSYoungGen      total 29696K, used 29644K [0x00000000d5580000, 0x00000000d7680000, 0x0000000100000000)
  eden space 25600K, 99% used [0x00000000d5580000,0x00000000d6e79b38,0x00000000d6e80000)
  from space 4096K, 99% used [0x00000000d7280000,0x00000000d7679800,0x00000000d7680000)
  to   space 4096K, 0% used [0x00000000d6e80000,0x00000000d6e80000,0x00000000d7280000)
 ParOldGen       total 68608K, used 943K [0x0000000080000000, 0x0000000084300000, 0x00000000d5580000)
  object space 68608K, 1% used [0x0000000080000000,0x00000000800ebeb8,0x0000000084300000)
 Metaspace       used 13080K, committed 13632K, reserved 1114112K
  class space    used 1382K, committed 1600K, reserved 1048576K
}
Event: 42.759 GC heap after
{Heap after GC invocations=3 (full 0):
 PSYoungGen      total 29696K, used 4091K [0x00000000d5580000, 0x00000000d7680000, 0x0000000100000000)
  eden space 25600K, 0% used [0x00000000d5580000,0x00000000d5580000,0x00000000d6e80000)
  from space 4096K, 99% used [0x00000000d6e80000,0x00000000d727efa0,0x00000000d7280000)
  to   space 4096K, 0% used [0x00000000d7280000,0x00000000d7280000,0x00000000d7680000)
 ParOldGen       total 68608K, used 2945K [0x0000000080000000, 0x0000000084300000, 0x00000000d5580000)
  object space 68608K, 4% used [0x0000000080000000,0x00000000802e0770,0x0000000084300000)
 Metaspace       used 13080K, committed 13632K, reserved 1114112K
  class space    used 1382K, committed 1600K, reserved 1048576K
}
Event: 47.131 GC heap before
{Heap before GC invocations=4 (full 0):
 PSYoungGen      total 29696K, used 29691K [0x00000000d5580000, 0x00000000d7680000, 0x0000000100000000)
  eden space 25600K, 100% used [0x00000000d5580000,0x00000000d6e80000,0x00000000d6e80000)
  from space 4096K, 99% used [0x00000000d6e80000,0x00000000d727efa0,0x00000000d7280000)
  to   space 4096K, 0% used [0x00000000d7280000,0x00000000d7280000,0x00000000d7680000)
 ParOldGen       total 68608K, used 2945K [0x0000000080000000, 0x0000000084300000, 0x00000000d5580000)
  object space 68608K, 4% used [0x0000000080000000,0x00000000802e0770,0x0000000084300000)
 Metaspace       used 15976K, committed 16640K, reserved 1114112K
  class space    used 1668K, committed 1984K, reserved 1048576K
}
Event: 47.144 GC heap after
{Heap after GC invocations=4 (full 0):
 PSYoungGen      total 29696K, used 4079K [0x00000000d5580000, 0x00000000d7680000, 0x0000000100000000)
  eden space 25600K, 0% used [0x00000000d5580000,0x00000000d5580000,0x00000000d6e80000)
  from space 4096K, 99% used [0x00000000d7280000,0x00000000d767be10,0x00000000d7680000)
  to   space 4096K, 0% used [0x00000000d6e80000,0x00000000d6e80000,0x00000000d7280000)
 ParOldGen       total 68608K, used 5600K [0x0000000080000000, 0x0000000084300000, 0x00000000d5580000)
  object space 68608K, 8% used [0x0000000080000000,0x00000000805780a8,0x0000000084300000)
 Metaspace       used 15976K, committed 16640K, reserved 1114112K
  class space    used 1668K, committed 1984K, reserved 1048576K
}
Event: 48.903 GC heap before
{Heap before GC invocations=5 (full 0):
 PSYoungGen      total 29696K, used 29055K [0x00000000d5580000, 0x00000000d7680000, 0x0000000100000000)
  eden space 25600K, 97% used [0x00000000d5580000,0x00000000d6de3fe8,0x00000000d6e80000)
  from space 4096K, 99% used [0x00000000d7280000,0x00000000d767be10,0x00000000d7680000)
  to   space 4096K, 0% used [0x00000000d6e80000,0x00000000d6e80000,0x00000000d7280000)
 ParOldGen       total 68608K, used 5600K [0x0000000080000000, 0x0000000084300000, 0x00000000d5580000)
  object space 68608K, 8% used [0x0000000080000000,0x00000000805780a8,0x0000000084300000)
 Metaspace       used 20168K, committed 20736K, reserved 1114112K
  class space    used 1975K, committed 2240K, reserved 1048576K
}
Event: 48.910 GC heap after
{Heap after GC invocations=5 (full 0):
 PSYoungGen      total 29184K, used 4081K [0x00000000d5580000, 0x00000000d7900000, 0x0000000100000000)
  eden space 25088K, 0% used [0x00000000d5580000,0x00000000d5580000,0x00000000d6e00000)
  from space 4096K, 99% used [0x00000000d6e80000,0x00000000d727c788,0x00000000d7280000)
  to   space 5632K, 0% used [0x00000000d7380000,0x00000000d7380000,0x00000000d7900000)
 ParOldGen       total 68608K, used 5877K [0x0000000080000000, 0x0000000084300000, 0x00000000d5580000)
  object space 68608K, 8% used [0x0000000080000000,0x00000000805bd5b8,0x0000000084300000)
 Metaspace       used 20168K, committed 20736K, reserved 1114112K
  class space    used 1975K, committed 2240K, reserved 1048576K
}
Event: 49.574 GC heap before
{Heap before GC invocations=6 (full 0):
 PSYoungGen      total 29184K, used 23269K [0x00000000d5580000, 0x00000000d7900000, 0x0000000100000000)
  eden space 25088K, 76% used [0x00000000d5580000,0x00000000d683cf00,0x00000000d6e00000)
  from space 4096K, 99% used [0x00000000d6e80000,0x00000000d727c788,0x00000000d7280000)
  to   space 5632K, 0% used [0x00000000d7380000,0x00000000d7380000,0x00000000d7900000)
 ParOldGen       total 68608K, used 5877K [0x0000000080000000, 0x0000000084300000, 0x00000000d5580000)
  object space 68608K, 8% used [0x0000000080000000,0x00000000805bd5b8,0x0000000084300000)
 Metaspace       used 20921K, committed 21504K, reserved 1114112K
  class space    used 2018K, committed 2304K, reserved 1048576K
}
Event: 49.581 GC heap after
{Heap after GC invocations=6 (full 0):
 PSYoungGen      total 30720K, used 5269K [0x00000000d5580000, 0x00000000d7900000, 0x0000000100000000)
  eden space 25088K, 0% used [0x00000000d5580000,0x00000000d5580000,0x00000000d6e00000)
  from space 5632K, 93% used [0x00000000d7380000,0x00000000d78a5728,0x00000000d7900000)
  to   space 5632K, 0% used [0x00000000d6e00000,0x00000000d6e00000,0x00000000d7380000)
 ParOldGen       total 68608K, used 6658K [0x0000000080000000, 0x0000000084300000, 0x00000000d5580000)
  object space 68608K, 9% used [0x0000000080000000,0x0000000080680ac8,0x0000000084300000)
 Metaspace       used 20921K, committed 21504K, reserved 1114112K
  class space    used 2018K, committed 2304K, reserved 1048576K
}
Event: 49.581 GC heap before
{Heap before GC invocations=7 (full 1):
 PSYoungGen      total 30720K, used 5269K [0x00000000d5580000, 0x00000000d7900000, 0x0000000100000000)
  eden space 25088K, 0% used [0x00000000d5580000,0x00000000d5580000,0x00000000d6e00000)
  from space 5632K, 93% used [0x00000000d7380000,0x00000000d78a5728,0x00000000d7900000)
  to   space 5632K, 0% used [0x00000000d6e00000,0x00000000d6e00000,0x00000000d7380000)
 ParOldGen       total 68608K, used 6658K [0x0000000080000000, 0x0000000084300000, 0x00000000d5580000)
  object space 68608K, 9% used [0x0000000080000000,0x0000000080680ac8,0x0000000084300000)
 Metaspace       used 20921K, committed 21504K, reserved 1114112K
  class space    used 2018K, committed 2304K, reserved 1048576K
}
Event: 49.616 GC heap after
{Heap after GC invocations=7 (full 1):
 PSYoungGen      total 30720K, used 0K [0x00000000d5580000, 0x00000000d7900000, 0x0000000100000000)
  eden space 25088K, 0% used [0x00000000d5580000,0x00000000d5580000,0x00000000d6e00000)
  from space 5632K, 0% used [0x00000000d7380000,0x00000000d7380000,0x00000000d7900000)
  to   space 5632K, 0% used [0x00000000d6e00000,0x00000000d6e00000,0x00000000d7380000)
 ParOldGen       total 68608K, used 10083K [0x0000000080000000, 0x0000000084300000, 0x00000000d5580000)
  object space 68608K, 14% used [0x0000000080000000,0x00000000809d8dd8,0x0000000084300000)
 Metaspace       used 20908K, committed 21504K, reserved 1114112K
  class space    used 2014K, committed 2304K, reserved 1048576K
}
Event: 52.100 GC heap before
{Heap before GC invocations=8 (full 1):
 PSYoungGen      total 30720K, used 25058K [0x00000000d5580000, 0x00000000d7900000, 0x0000000100000000)
  eden space 25088K, 99% used [0x00000000d5580000,0x00000000d6df89f8,0x00000000d6e00000)
  from space 5632K, 0% used [0x00000000d7380000,0x00000000d7380000,0x00000000d7900000)
  to   space 5632K, 0% used [0x00000000d6e00000,0x00000000d6e00000,0x00000000d7380000)
 ParOldGen       total 68608K, used 10083K [0x0000000080000000, 0x0000000084300000, 0x00000000d5580000)
  object space 68608K, 14% used [0x0000000080000000,0x00000000809d8dd8,0x0000000084300000)
 Metaspace       used 25296K, committed 26048K, reserved 1114112K
  class space    used 2474K, committed 2816K, reserved 1048576K
}
Event: 52.106 GC heap after
{Heap after GC invocations=8 (full 1):
 PSYoungGen      total 27136K, used 2270K [0x00000000d5580000, 0x00000000d7480000, 0x0000000100000000)
  eden space 24576K, 0% used [0x00000000d5580000,0x00000000d5580000,0x00000000d6d80000)
  from space 2560K, 88% used [0x00000000d6e00000,0x00000000d7037bf8,0x00000000d7080000)
  to   space 3584K, 0% used [0x00000000d7100000,0x00000000d7100000,0x00000000d7480000)
 ParOldGen       total 68608K, used 10091K [0x0000000080000000, 0x0000000084300000, 0x00000000d5580000)
  object space 68608K, 14% used [0x0000000080000000,0x00000000809dadd8,0x0000000084300000)
 Metaspace       used 25296K, committed 26048K, reserved 1114112K
  class space    used 2474K, committed 2816K, reserved 1048576K
}
Event: 54.906 GC heap before
{Heap before GC invocations=9 (full 1):
 PSYoungGen      total 27136K, used 26846K [0x00000000d5580000, 0x00000000d7480000, 0x0000000100000000)
  eden space 24576K, 100% used [0x00000000d5580000,0x00000000d6d80000,0x00000000d6d80000)
  from space 2560K, 88% used [0x00000000d6e00000,0x00000000d7037bf8,0x00000000d7080000)
  to   space 3584K, 0% used [0x00000000d7100000,0x00000000d7100000,0x00000000d7480000)
 ParOldGen       total 68608K, used 10091K [0x0000000080000000, 0x0000000084300000, 0x00000000d5580000)
  object space 68608K, 14% used [0x0000000080000000,0x00000000809dadd8,0x0000000084300000)
 Metaspace       used 28272K, committed 29184K, reserved 1114112K
  class space    used 2846K, committed 3264K, reserved 1048576K
}
Event: 54.910 GC heap after
{Heap after GC invocations=9 (full 1):
 PSYoungGen      total 27648K, used 3492K [0x00000000d5580000, 0x00000000d7500000, 0x0000000100000000)
  eden space 24064K, 0% used [0x00000000d5580000,0x00000000d5580000,0x00000000d6d00000)
  from space 3584K, 97% used [0x00000000d7100000,0x00000000d7469308,0x00000000d7480000)
  to   space 4096K, 0% used [0x00000000d6d00000,0x00000000d6d00000,0x00000000d7100000)
 ParOldGen       total 68608K, used 10099K [0x0000000080000000, 0x0000000084300000, 0x00000000d5580000)
  object space 68608K, 14% used [0x0000000080000000,0x00000000809dcdd8,0x0000000084300000)
 Metaspace       used 28272K, committed 29184K, reserved 1114112K
  class space    used 2846K, committed 3264K, reserved 1048576K
}

Dll operation events (10 events):
Event: 0.750 Loaded shared library c:\Users\manoj\.cursor\extensions\redhat.java-1.49.0-win32-x64\jre\21.0.9-win32-x86_64\bin\java.dll
Event: 1.063 Loaded shared library c:\Users\manoj\.cursor\extensions\redhat.java-1.49.0-win32-x64\jre\21.0.9-win32-x86_64\bin\zip.dll
Event: 1.147 Loaded shared library C:\Users\manoj\.cursor\extensions\redhat.java-1.49.0-win32-x64\jre\21.0.9-win32-x86_64\bin\instrument.dll
Event: 1.168 Loaded shared library C:\Users\manoj\.cursor\extensions\redhat.java-1.49.0-win32-x64\jre\21.0.9-win32-x86_64\bin\net.dll
Event: 1.171 Loaded shared library C:\Users\manoj\.cursor\extensions\redhat.java-1.49.0-win32-x64\jre\21.0.9-win32-x86_64\bin\nio.dll
Event: 1.179 Loaded shared library C:\Users\manoj\.cursor\extensions\redhat.java-1.49.0-win32-x64\jre\21.0.9-win32-x86_64\bin\zip.dll
Event: 1.330 Loaded shared library C:\Users\manoj\.cursor\extensions\redhat.java-1.49.0-win32-x64\jre\21.0.9-win32-x86_64\bin\jimage.dll
Event: 1.568 Loaded shared library c:\Users\manoj\.cursor\extensions\redhat.java-1.49.0-win32-x64\jre\21.0.9-win32-x86_64\bin\verify.dll
Event: 39.706 Loaded shared library C:\Users\manoj\AppData\Roaming\Cursor\User\globalStorage\redhat.java\1.49.0\config_ss_win\org.eclipse.equinox.launcher\org.eclipse.equinox.launcher.win32.win32.x86_64_1.2.1400.v20250801-0854\eclipse_11916.dll
Event: 51.542 Loaded shared library C:\Users\manoj\AppData\Local\Temp\jna-103662773\jna8905954350707466601.dll

Deoptimization events (20 events):
Event: 120.398 Thread 0x00000213043e7a20 Uncommon trap: trap_request=0xffffff45 fr.pc=0x000002132e212f2c relative=0x00000000000051ac
Event: 120.398 Thread 0x00000213043e7a20 Uncommon trap: reason=unstable_if action=reinterpret pc=0x000002132e212f2c method=java.lang.invoke.MethodType.genericMethodType(IZ)Ljava/lang/invoke/MethodType; @ 27 c2
Event: 120.398 Thread 0x00000213043e7a20 DEOPT PACKING pc=0x000002132e212f2c sp=0x000000865f4fdea0
Event: 120.398 Thread 0x00000213043e7a20 DEOPT UNPACKING pc=0x000002132db73aa2 sp=0x000000865f4fdcb0 mode 2
Event: 120.398 Thread 0x00000213043e7a20 Uncommon trap: trap_request=0xffffff45 fr.pc=0x000002132e25a0b8 relative=0x0000000000000338
Event: 120.398 Thread 0x00000213043e7a20 Uncommon trap: reason=unstable_if action=reinterpret pc=0x000002132e25a0b8 method=java.lang.invoke.MethodType.genericMethodType(IZ)Ljava/lang/invoke/MethodType; @ 27 c2
Event: 120.398 Thread 0x00000213043e7a20 DEOPT PACKING pc=0x000002132e25a0b8 sp=0x000000865f4fde10
Event: 120.398 Thread 0x00000213043e7a20 DEOPT UNPACKING pc=0x000002132db73aa2 sp=0x000000865f4fdd08 mode 2
Event: 120.507 Thread 0x00000213043e7a20 Uncommon trap: trap_request=0xffffff45 fr.pc=0x000002132e228264 relative=0x00000000000000c4
Event: 120.507 Thread 0x00000213043e7a20 Uncommon trap: reason=unstable_if action=reinterpret pc=0x000002132e228264 method=java.lang.invoke.LambdaForm$BasicType.basicType(C)Ljava/lang/invoke/LambdaForm$BasicType; @ 1 c2
Event: 120.507 Thread 0x00000213043e7a20 DEOPT PACKING pc=0x000002132e228264 sp=0x000000865f4fc9e0
Event: 120.507 Thread 0x00000213043e7a20 DEOPT UNPACKING pc=0x000002132db73aa2 sp=0x000000865f4fc978 mode 2
Event: 120.510 Thread 0x00000213043e7a20 Uncommon trap: trap_request=0xffffffc6 fr.pc=0x000002132e1fc714 relative=0x00000000000008d4
Event: 120.510 Thread 0x00000213043e7a20 Uncommon trap: reason=bimorphic_or_optimized_type_check action=maybe_recompile pc=0x000002132e1fc714 method=java.util.HashMap.putVal(ILjava/lang/Object;Ljava/lang/Object;ZZ)Ljava/lang/Object; @ 91 c2
Event: 120.510 Thread 0x00000213043e7a20 DEOPT PACKING pc=0x000002132e1fc714 sp=0x000000865f4fdb00
Event: 120.510 Thread 0x00000213043e7a20 DEOPT UNPACKING pc=0x000002132db73aa2 sp=0x000000865f4fda08 mode 2
Event: 120.512 Thread 0x00000213043e7a20 Uncommon trap: trap_request=0xffffff45 fr.pc=0x000002132e1f3c64 relative=0x0000000000000984
Event: 120.512 Thread 0x00000213043e7a20 Uncommon trap: reason=unstable_if action=reinterpret pc=0x000002132e1f3c64 method=java.util.concurrent.ConcurrentHashMap.putVal(Ljava/lang/Object;Ljava/lang/Object;Z)Ljava/lang/Object; @ 401 c2
Event: 120.512 Thread 0x00000213043e7a20 DEOPT PACKING pc=0x000002132e1f3c64 sp=0x000000865f4fd2e0
Event: 120.512 Thread 0x00000213043e7a20 DEOPT UNPACKING pc=0x000002132db73aa2 sp=0x000000865f4fd250 mode 2

Classes loaded (20 events):
Event: 120.309 Loading class java/util/concurrent/ForkJoinTask$AdaptedCallable
Event: 120.309 Loading class java/util/concurrent/ForkJoinTask$AdaptedCallable done
Event: 120.367 Loading class java/util/stream/Nodes$CollectorTask$OfRef
Event: 120.367 Loading class java/util/stream/Nodes$CollectorTask
Event: 120.368 Loading class java/util/stream/Nodes$CollectorTask done
Event: 120.368 Loading class java/util/stream/Nodes$CollectorTask$OfRef done
Event: 120.368 Loading class java/util/function/LongFunction
Event: 120.368 Loading class java/util/function/LongFunction done
Event: 120.385 Loading class java/util/stream/Nodes$ConcNode
Event: 120.385 Loading class java/util/stream/Nodes$AbstractConcNode
Event: 120.385 Loading class java/util/stream/Nodes$AbstractConcNode done
Event: 120.385 Loading class java/util/stream/Nodes$ConcNode done
Event: 120.419 Loading class java/nio/file/AccessDeniedException
Event: 120.419 Loading class java/nio/file/AccessDeniedException done
Event: 120.419 Loading class java/nio/file/DirectoryNotEmptyException
Event: 120.419 Loading class java/nio/file/DirectoryNotEmptyException done
Event: 120.508 Loading class jdk/internal/reflect/MethodHandleShortFieldAccessorImpl
Event: 120.508 Loading class jdk/internal/reflect/MethodHandleShortFieldAccessorImpl done
Event: 120.508 Loading class java/lang/Short$ShortCache
Event: 120.508 Loading class java/lang/Short$ShortCache done

Classes unloaded (7 events):
Event: 49.587 Thread 0x00000213234ac100 Unloading class 0x000002133b18d000 'java/lang/invoke/LambdaForm$MH+0x000002133b18d000'
Event: 49.587 Thread 0x00000213234ac100 Unloading class 0x000002133b18cc00 'java/lang/invoke/LambdaForm$MH+0x000002133b18cc00'
Event: 49.587 Thread 0x00000213234ac100 Unloading class 0x000002133b18c800 'java/lang/invoke/LambdaForm$MH+0x000002133b18c800'
Event: 49.587 Thread 0x00000213234ac100 Unloading class 0x000002133b18c400 'java/lang/invoke/LambdaForm$MH+0x000002133b18c400'
Event: 49.587 Thread 0x00000213234ac100 Unloading class 0x000002133b18c000 'java/lang/invoke/LambdaForm$BMH+0x000002133b18c000'
Event: 49.587 Thread 0x00000213234ac100 Unloading class 0x000002133b18bc00 'java/lang/invoke/LambdaForm$DMH+0x000002133b18bc00'
Event: 49.587 Thread 0x00000213234ac100 Unloading class 0x000002133b18a800 'java/lang/invoke/LambdaForm$DMH+0x000002133b18a800'

Classes redefined (0 events):
No events

Internal exceptions (20 events):
Event: 52.175 Thread 0x00000213043e7a20 Exception <a 'java/io/FileNotFoundException'{0x00000000d57d4500}> (0x00000000d57d4500) 
thrown [s\src\hotspot\share\prims\jni.cpp, line 520]
Event: 52.176 Thread 0x00000213043e7a20 Exception <a 'java/io/FileNotFoundException'{0x00000000d57d5790}> (0x00000000d57d5790) 
thrown [s\src\hotspot\share\prims\jni.cpp, line 520]
Event: 52.177 Thread 0x00000213043e7a20 Exception <a 'java/lang/NoSuchMethodError'{0x00000000d57e3738}: 'java.lang.Object java.lang.invoke.DirectMethodHandle$Holder.newInvokeSpecial(java.lang.Object, java.lang.Object, java.lang.Object, int)'> (0x00000000d57e3738) 
thrown [s\src\hotspot\share\interpreter\linkResolver.cpp, line 773]
Event: 52.177 Thread 0x00000213043e7a20 Exception <a 'java/lang/NoSuchMethodError'{0x00000000d57e7310}: 'java.lang.Object java.lang.invoke.DirectMethodHandle$Holder.invokeSpecial(java.lang.Object, java.lang.Object, java.lang.Object, java.lang.Object, int)'> (0x00000000d57e7310) 
thrown [s\src\hotspot\share\interpreter\linkResolver.cpp, line 773]
Event: 52.178 Thread 0x00000213043e7a20 Exception <a 'java/lang/NoSuchMethodError'{0x00000000d57ea7a8}: 'java.lang.Object java.lang.invoke.Invokers$Holder.linkToTargetMethod(java.lang.Object, java.lang.Object, int, java.lang.Object)'> (0x00000000d57ea7a8) 
thrown [s\src\hotspot\share\interpreter\linkResolver.cpp, line 773]
Event: 52.179 Thread 0x00000213043e7a20 Exception <a 'java/lang/NoSuchMethodError'{0x00000000d58077d0}: 'void java.lang.invoke.DirectMethodHandle$Holder.invokeStaticInit(java.lang.Object, java.lang.Object, java.lang.Object)'> (0x00000000d58077d0) 
thrown [s\src\hotspot\share\interpreter\linkResolver.cpp, line 773]
Event: 52.229 Thread 0x00000213043e7a20 Exception <a 'java/io/FileNotFoundException'{0x00000000d5909680}> (0x00000000d5909680) 
thrown [s\src\hotspot\share\prims\jni.cpp, line 520]
Event: 52.229 Thread 0x00000213043e7a20 Exception <a 'java/io/FileNotFoundException'{0x00000000d590a3d8}> (0x00000000d590a3d8) 
thrown [s\src\hotspot\share\prims\jni.cpp, line 520]
Event: 52.982 Thread 0x00000213233edf30 Exception <a 'java/lang/NoSuchMethodError'{0x00000000d61795e8}: 'void java.lang.invoke.DirectMethodHandle$Holder.invokeSpecial(java.lang.Object, java.lang.Object, java.lang.Object, java.lang.Object, java.lang.Object, java.lang.Object)'> (0x00000000d61795e8) 
thrown [s\src\hotspot\share\interpreter\linkResolver.cpp, line 773]
Event: 52.984 Thread 0x00000213233edf30 Exception <a 'java/lang/IncompatibleClassChangeError'{0x00000000d6181728}: Found class java.lang.Object, but interface was expected> (0x00000000d6181728) 
thrown [s\src\hotspot\share\interpreter\linkResolver.cpp, line 840]
Event: 52.985 Thread 0x00000213233edf30 Exception <a 'java/lang/IncompatibleClassChangeError'{0x00000000d61834d8}: Found class java.lang.Object, but interface was expected> (0x00000000d61834d8) 
thrown [s\src\hotspot\share\interpreter\linkResolver.cpp, line 840]
Event: 54.823 Thread 0x00000213053485a0 Exception <a 'java/lang/NoSuchMethodError'{0x00000000d671a980}: 'java.lang.Object java.lang.invoke.DirectMethodHandle$Holder.invokeInterface(java.lang.Object, java.lang.Object, java.lang.Object)'> (0x00000000d671a980) 
thrown [s\src\hotspot\share\interpreter\linkResolver.cpp, line 773]
Event: 54.872 Thread 0x00000213053485a0 Exception <a 'java/io/FileNotFoundException'{0x00000000d67b5748}> (0x00000000d67b5748) 
thrown [s\src\hotspot\share\prims\jni.cpp, line 520]
Event: 54.960 Thread 0x00000213053485a0 Exception <a 'sun/nio/fs/WindowsException'{0x00000000d55ff4e8}> (0x00000000d55ff4e8) 
thrown [s\src\hotspot\share\prims\jni.cpp, line 520]
Event: 55.750 Thread 0x00000213053485a0 Exception <a 'java/lang/IncompatibleClassChangeError'{0x00000000d58d32d8}: Found class java.lang.Object, but interface was expected> (0x00000000d58d32d8) 
thrown [s\src\hotspot\share\interpreter\linkResolver.cpp, line 840]
Event: 120.296 Thread 0x00000213053485a0 Exception <a 'java/lang/NoSuchMethodError'{0x00000000d5a65810}: 'void java.lang.invoke.DirectMethodHandle$Holder.invokeInterface(java.lang.Object, java.lang.Object)'> (0x00000000d5a65810) 
thrown [s\src\hotspot\share\interpreter\linkResolver.cpp, line 773]
Event: 120.303 Thread 0x00000213043e7a20 Exception <a 'sun/nio/fs/WindowsException'{0x00000000d5af4808}> (0x00000000d5af4808) 
thrown [s\src\hotspot\share\prims\jni.cpp, line 520]
Event: 120.305 Thread 0x00000213043e7a20 Exception <a 'sun/nio/fs/WindowsException'{0x00000000d5af6950}> (0x00000000d5af6950) 
thrown [s\src\hotspot\share\prims\jni.cpp, line 520]
Event: 120.398 Thread 0x00000213043e7a20 Exception <a 'java/lang/NoSuchMethodError'{0x00000000d5ba7728}: 'java.lang.Object java.lang.invoke.DirectMethodHandle$Holder.newInvokeSpecial(java.lang.Object, java.lang.Object, java.lang.Object, java.lang.Object, java.lang.Object, java.lang.Object, java.lang.Object, java.lang.Object, java.lang.Object, java.lang.Object)'> (0x00000000d5ba7728) 
thrown [s\src\hotspot\share\interpreter\linkResolver.cpp, line 773]
Event: 120.446 Thread 0x00000213043e7a20 Exception <a 'sun/nio/fs/WindowsException'{0x00000000d5c8ab10}> (0x00000000d5c8ab10) 
thrown [s\src\hotspot\share\prims\jni.cpp, line 520]

ZGC Phase Switch (0 events):
No events

VM Operations (20 events):
Event: 51.589 Executing VM operation: HandshakeAllThreads (Deoptimize)
Event: 51.589 Executing VM operation: HandshakeAllThreads (Deoptimize) done
Event: 52.082 Executing VM operation: ParallelGCFailedAllocation (Allocation Failure)
Event: 52.106 Executing VM operation: ParallelGCFailedAllocation (Allocation Failure) done
Event: 53.107 Executing VM operation: Cleanup
Event: 53.122 Executing VM operation: Cleanup done
Event: 54.125 Executing VM operation: Cleanup
Event: 54.125 Executing VM operation: Cleanup done
Event: 54.836 Executing VM operation: HandshakeAllThreads (Deoptimize)
Event: 54.837 Executing VM operation: HandshakeAllThreads (Deoptimize) done
Event: 54.906 Executing VM operation: ParallelGCFailedAllocation (Allocation Failure)
Event: 54.910 Executing VM operation: ParallelGCFailedAllocation (Allocation Failure) done
Event: 55.915 Executing VM operation: Cleanup
Event: 55.915 Executing VM operation: Cleanup done
Event: 56.922 Executing VM operation: Cleanup
Event: 56.922 Executing VM operation: Cleanup done
Event: 60.869 Executing VM operation: HandshakeAllThreads (HandshakeForDeflation)
Event: 60.869 Executing VM operation: HandshakeAllThreads (HandshakeForDeflation) done
Event: 60.869 Executing VM operation: RendezvousGCThreads
Event: 60.869 Executing VM operation: RendezvousGCThreads done

Memory protections (0 events):
No events

Nmethod flushes (0 events):
No events

Events (20 events):
Event: 51.291 Thread 0x0000021305209060 Thread exited: 0x0000021305209060
Event: 51.611 Thread 0x00000213041eb4d0 Thread added: 0x00000213051f9710
Event: 51.993 Thread 0x00000213232e63e0 Thread added: 0x0000021305aa3050
Event: 52.065 Thread 0x00000213233edf30 Thread added: 0x0000021304b65010
Event: 52.066 Thread 0x00000213233edf30 Thread added: 0x0000021305910040
Event: 52.066 Thread 0x00000213233edf30 Thread added: 0x000002130534ad00
Event: 52.066 Thread 0x00000213233edf30 Thread added: 0x000002130534ba20
Event: 52.066 Thread 0x00000213233edf30 Thread added: 0x000002130534b390
Event: 52.082 Thread 0x0000021304505eb0 Thread added: 0x000002130534a670
Event: 52.117 Thread 0x00000213233edf30 Thread added: 0x0000021305349fe0
Event: 52.464 Thread 0x0000021305aa3050 Thread exited: 0x0000021305aa3050
Event: 53.033 Thread 0x00000213233edf30 Thread added: 0x0000021305348c30
Event: 53.033 Thread 0x00000213233edf30 Thread added: 0x00000213053485a0
Event: 56.009 Thread 0x00000213233618f0 Thread added: 0x0000021305c21fa0
Event: 56.287 Thread 0x0000021305c21fa0 Thread exited: 0x0000021305c21fa0
Event: 115.154 Thread 0x0000021304505eb0 Thread exited: 0x0000021304505eb0
Event: 120.277 Thread 0x00000213053485a0 Thread added: 0x00000213053492c0
Event: 120.300 Thread 0x00000213053485a0 Thread added: 0x0000021305349950
Event: 120.310 Thread 0x00000213043e7a20 Thread added: 0x0000021305c0a250
Event: 120.388 Thread 0x0000021305c0a250 Thread exited: 0x0000021305c0a250


Dynamic libraries:
0x00007ff698fa0000 - 0x00007ff698fae000 	c:\Users\manoj\.cursor\extensions\redhat.java-1.49.0-win32-x64\jre\21.0.9-win32-x86_64\bin\java.exe
0x00007ffe6dce0000 - 0x00007ffe6df48000 	C:\WINDOWS\SYSTEM32\ntdll.dll
0x00007ffe6d770000 - 0x00007ffe6d839000 	C:\WINDOWS\System32\KERNEL32.DLL
0x00007ffe6b1c0000 - 0x00007ffe6b5b8000 	C:\WINDOWS\System32\KERNELBASE.dll
0x00007ffe6b5c0000 - 0x00007ffe6b70b000 	C:\WINDOWS\System32\ucrtbase.dll
0x00007ffe49c80000 - 0x00007ffe49c98000 	c:\Users\manoj\.cursor\extensions\redhat.java-1.49.0-win32-x64\jre\21.0.9-win32-x86_64\bin\jli.dll
0x00007ffe6bc20000 - 0x00007ffe6bde7000 	C:\WINDOWS\System32\USER32.dll
0x00007ffe6b190000 - 0x00007ffe6b1b7000 	C:\WINDOWS\System32\win32u.dll
0x00007ffe6d4a0000 - 0x00007ffe6d4cb000 	C:\WINDOWS\System32\GDI32.dll
0x00007ffe6aee0000 - 0x00007ffe6b00c000 	C:\WINDOWS\System32\gdi32full.dll
0x00007ffe6ae30000 - 0x00007ffe6aed3000 	C:\WINDOWS\System32\msvcp_win.dll
0x00007ffe562c0000 - 0x00007ffe56554000 	C:\WINDOWS\WinSxS\amd64_microsoft.windows.common-controls_6595b64144ccf1df_6.0.26100.7019_none_3e06ffa0e335b8a8\COMCTL32.dll
0x00007ffe6d900000 - 0x00007ffe6d9a9000 	C:\WINDOWS\System32\msvcrt.dll
0x00007ffe43390000 - 0x00007ffe433ae000 	c:\Users\manoj\.cursor\extensions\redhat.java-1.49.0-win32-x64\jre\21.0.9-win32-x86_64\bin\VCRUNTIME140.dll
0x00007ffe6bf30000 - 0x00007ffe6bf61000 	C:\WINDOWS\System32\IMM32.DLL
0x00007ffe59430000 - 0x00007ffe5943c000 	c:\Users\manoj\.cursor\extensions\redhat.java-1.49.0-win32-x64\jre\21.0.9-win32-x86_64\bin\vcruntime140_1.dll
0x00007ffe0dc10000 - 0x00007ffe0dc9d000 	c:\Users\manoj\.cursor\extensions\redhat.java-1.49.0-win32-x64\jre\21.0.9-win32-x86_64\bin\msvcp140.dll
0x00007ffdc99c0000 - 0x00007ffdca760000 	c:\Users\manoj\.cursor\extensions\redhat.java-1.49.0-win32-x64\jre\21.0.9-win32-x86_64\bin\server\jvm.dll
0x00007ffe6d840000 - 0x00007ffe6d8f4000 	C:\WINDOWS\System32\ADVAPI32.dll
0x00007ffe6c8f0000 - 0x00007ffe6c996000 	C:\WINDOWS\System32\sechost.dll
0x00007ffe6c040000 - 0x00007ffe6c158000 	C:\WINDOWS\System32\RPCRT4.dll
0x00007ffe6d420000 - 0x00007ffe6d494000 	C:\WINDOWS\System32\WS2_32.dll
0x00007ffe6acb0000 - 0x00007ffe6ad0e000 	C:\WINDOWS\SYSTEM32\POWRPROF.dll
0x00007ffe5a010000 - 0x00007ffe5a045000 	C:\WINDOWS\SYSTEM32\WINMM.dll
0x00007ffe628e0000 - 0x00007ffe628eb000 	C:\WINDOWS\SYSTEM32\VERSION.dll
0x00007ffe6ac90000 - 0x00007ffe6aca4000 	C:\WINDOWS\SYSTEM32\UMPDC.dll
0x00007ffe69bb0000 - 0x00007ffe69bcb000 	C:\WINDOWS\SYSTEM32\kernel.appcore.dll
0x00007ffe55730000 - 0x00007ffe5573a000 	c:\Users\manoj\.cursor\extensions\redhat.java-1.49.0-win32-x64\jre\21.0.9-win32-x86_64\bin\jimage.dll
0x00007ffe541e0000 - 0x00007ffe54422000 	C:\WINDOWS\SYSTEM32\DBGHELP.DLL
0x00007ffe6d090000 - 0x00007ffe6d41b000 	C:\WINDOWS\System32\combase.dll
0x00007ffe6ca20000 - 0x00007ffe6caf7000 	C:\WINDOWS\System32\OLEAUT32.dll
0x00007ffe4c400000 - 0x00007ffe4c43c000 	C:\WINDOWS\SYSTEM32\dbgcore.DLL
0x00007ffe6b9d0000 - 0x00007ffe6ba75000 	C:\WINDOWS\System32\bcryptPrimitives.dll
0x00007ffe512d0000 - 0x00007ffe512df000 	c:\Users\manoj\.cursor\extensions\redhat.java-1.49.0-win32-x64\jre\21.0.9-win32-x86_64\bin\instrument.dll
0x00007ffe51310000 - 0x00007ffe51330000 	c:\Users\manoj\.cursor\extensions\redhat.java-1.49.0-win32-x64\jre\21.0.9-win32-x86_64\bin\java.dll
0x00007ffe6c160000 - 0x00007ffe6c8af000 	C:\WINDOWS\System32\SHELL32.dll
0x00007ffe6b710000 - 0x00007ffe6b87b000 	C:\WINDOWS\System32\wintypes.dll
0x00007ffe68a30000 - 0x00007ffe6928d000 	C:\WINDOWS\SYSTEM32\windows.storage.dll
0x00007ffe6cf90000 - 0x00007ffe6d082000 	C:\WINDOWS\System32\SHCORE.dll
0x00007ffe6bf70000 - 0x00007ffe6bfd7000 	C:\WINDOWS\System32\shlwapi.dll
0x00007ffe6ad50000 - 0x00007ffe6ad79000 	C:\WINDOWS\SYSTEM32\profapi.dll
0x00007ffe512f0000 - 0x00007ffe51308000 	c:\Users\manoj\.cursor\extensions\redhat.java-1.49.0-win32-x64\jre\21.0.9-win32-x86_64\bin\zip.dll
0x00007ffe512e0000 - 0x00007ffe512f0000 	C:\Users\manoj\.cursor\extensions\redhat.java-1.49.0-win32-x64\jre\21.0.9-win32-x86_64\bin\net.dll
0x00007ffe5fab0000 - 0x00007ffe5fbd8000 	C:\WINDOWS\SYSTEM32\WINHTTP.dll
0x00007ffe6a100000 - 0x00007ffe6a16b000 	C:\WINDOWS\system32\mswsock.dll
0x00007ffe16110000 - 0x00007ffe16126000 	C:\Users\manoj\.cursor\extensions\redhat.java-1.49.0-win32-x64\jre\21.0.9-win32-x86_64\bin\nio.dll
0x00007ffe595a0000 - 0x00007ffe595b0000 	c:\Users\manoj\.cursor\extensions\redhat.java-1.49.0-win32-x64\jre\21.0.9-win32-x86_64\bin\verify.dll
0x00007ffe58880000 - 0x00007ffe588c4000 	C:\Users\manoj\AppData\Roaming\Cursor\User\globalStorage\redhat.java\1.49.0\config_ss_win\org.eclipse.equinox.launcher\org.eclipse.equinox.launcher.win32.win32.x86_64_1.2.1400.v20250801-0854\eclipse_11916.dll
0x00007ffe6ba80000 - 0x00007ffe6bc17000 	C:\WINDOWS\System32\ole32.dll
0x00007ffe6a4f0000 - 0x00007ffe6a50b000 	C:\WINDOWS\SYSTEM32\CRYPTSP.dll
0x00007ffe69b10000 - 0x00007ffe69b4a000 	C:\WINDOWS\system32\rsaenh.dll
0x00007ffe6a1b0000 - 0x00007ffe6a1db000 	C:\WINDOWS\SYSTEM32\USERENV.dll
0x00007ffe6ad20000 - 0x00007ffe6ad4a000 	C:\WINDOWS\SYSTEM32\bcrypt.dll
0x00007ffe6a350000 - 0x00007ffe6a35c000 	C:\WINDOWS\SYSTEM32\CRYPTBASE.dll
0x00007ffe695a0000 - 0x00007ffe695d4000 	C:\WINDOWS\SYSTEM32\IPHLPAPI.DLL
0x00007ffe6be20000 - 0x00007ffe6be2a000 	C:\WINDOWS\System32\NSI.dll
0x00007ffe557f0000 - 0x00007ffe55839000 	C:\Users\manoj\AppData\Local\Temp\jna-103662773\jna8905954350707466601.dll
0x00007ffe6c8c0000 - 0x00007ffe6c8c8000 	C:\WINDOWS\System32\PSAPI.DLL
0x00007ffe628f0000 - 0x00007ffe6290e000 	C:\WINDOWS\SYSTEM32\dhcpcsvc6.DLL
0x00007ffe5fa80000 - 0x00007ffe5faa3000 	C:\WINDOWS\SYSTEM32\dhcpcsvc.DLL

JVMTI agents:
c:\Users\manoj\.cursor\extensions\redhat.java-1.49.0-win32-x64\lombok\lombok-1.18.39-4050.jar path:c:\Users\manoj\.cursor\extensions\redhat.java-1.49.0-win32-x64\jre\21.0.9-win32-x86_64\bin\instrument.dll, loaded, initialized, instrumentlib options:none

dbghelp: loaded successfully - version: 4.0.5 - missing functions: none
symbol engine: initialized successfully - sym options: 0x614 - pdb path: .;c:\Users\manoj\.cursor\extensions\redhat.java-1.49.0-win32-x64\jre\21.0.9-win32-x86_64\bin;C:\WINDOWS\SYSTEM32;C:\WINDOWS\WinSxS\amd64_microsoft.windows.common-controls_6595b64144ccf1df_6.0.26100.7019_none_3e06ffa0e335b8a8;c:\Users\manoj\.cursor\extensions\redhat.java-1.49.0-win32-x64\jre\21.0.9-win32-x86_64\bin\server;C:\Users\manoj\AppData\Roaming\Cursor\User\globalStorage\redhat.java\1.49.0\config_ss_win\org.eclipse.equinox.launcher\org.eclipse.equinox.launcher.win32.win32.x86_64_1.2.1400.v20250801-0854;C:\Users\manoj\AppData\Local\Temp\jna-103662773

VM Arguments:
jvm_args: --add-modules=ALL-SYSTEM --add-opens=java.base/java.util=ALL-UNNAMED --add-opens=java.base/java.lang=ALL-UNNAMED --add-opens=java.base/sun.nio.fs=ALL-UNNAMED -Declipse.application=org.eclipse.jdt.ls.core.id1 -Dosgi.bundles.defaultStartLevel=4 -Declipse.product=org.eclipse.jdt.ls.core.product -Djava.import.generatesMetadataFilesAtProjectRoot=false -DDetectVMInstallationsJob.disabled=true -Dfile.encoding=utf8 -XX:+UseParallelGC -XX:GCTimeRatio=4 -XX:AdaptiveSizePolicyWeight=90 -Dsun.zip.disableMemoryMapping=true -Xmx2G -Xms100m -Xlog:disable -javaagent:c:\Users\manoj\.cursor\extensions\redhat.java-1.49.0-win32-x64\lombok\lombok-1.18.39-4050.jar 
java_command: c:\Users\manoj\.cursor\extensions\redhat.java-1.49.0-win32-x64\server\plugins\org.eclipse.equinox.launcher_1.7.100.v20251111-0406.jar -configuration c:\Users\manoj\AppData\Roaming\Cursor\User\globalStorage\redhat.java\1.49.0\config_ss_win -data c:\Users\manoj\AppData\Roaming\Cursor\User\workspaceStorage\4c4c580d917931f30a2e0453d85f025b\redhat.java\ss_ws --pipe=\\.\pipe\lsp-e439eee1ab6567160ada7b6f808d0b9c-sock
java_class_path (initial): c:\Users\manoj\.cursor\extensions\redhat.java-1.49.0-win32-x64\server\plugins\org.eclipse.equinox.launcher_1.7.100.v20251111-0406.jar
Launcher Type: SUN_STANDARD

[Global flags]
    uintx AdaptiveSizePolicyWeight                 = 90                                        {product} {command line}
     intx CICompilerCount                          = 3                                         {product} {ergonomic}
    uintx GCTimeRatio                              = 4                                         {product} {command line}
   size_t InitialHeapSize                          = 104857600                                 {product} {command line}
   size_t MaxHeapSize                              = 2147483648                                {product} {command line}
   size_t MaxNewSize                               = 715653120                                 {product} {ergonomic}
   size_t MinHeapDeltaBytes                        = 524288                                    {product} {ergonomic}
   size_t MinHeapSize                              = 104857600                                 {product} {command line}
   size_t NewSize                                  = 34603008                                  {product} {ergonomic}
    uintx NonNMethodCodeHeapSize                   = 5832780                                {pd product} {ergonomic}
    uintx NonProfiledCodeHeapSize                  = 122912730                              {pd product} {ergonomic}
   size_t OldSize                                  = 70254592                                  {product} {ergonomic}
    uintx ProfiledCodeHeapSize                     = 122912730                              {pd product} {ergonomic}
    uintx ReservedCodeCacheSize                    = 251658240                              {pd product} {ergonomic}
     bool SegmentedCodeCache                       = true                                      {product} {ergonomic}
   size_t SoftMaxHeapSize                          = 2147483648                             {manageable} {ergonomic}
     bool UseCompressedOops                        = true                           {product lp64_product} {ergonomic}
     bool UseLargePagesIndividualAllocation        = false                                  {pd product} {ergonomic}
     bool UseParallelGC                            = true                                      {product} {command line}

Logging:
Log output configuration:
 #0: stdout all=off uptime,level,tags foldmultilines=false
 #1: stderr all=off uptime,level,tags foldmultilines=false

Release file:
JAVA_VERSION="21.0.9" 
MODULES="java.base java.compiler java.datatransfer java.xml java.prefs java.desktop java.instrument java.logging java.management java.security.sasl java.naming java.rmi java.management.rmi java.net.http java.scripting java.security.jgss java.transaction.xa java.sql java.sql.rowset java.xml.crypto java.se java.smartcardio jdk.accessibility jdk.internal.jvmstat jdk.attach jdk.charsets jdk.internal.opt jdk.zipfs jdk.compiler jdk.crypto.ec jdk.crypto.cryptoki jdk.crypto.mscapi jdk.dynalink jdk.internal.ed jdk.editpad jdk.hotspot.agent jdk.httpserver jdk.internal.le jdk.internal.vm.ci jdk.internal.vm.compiler jdk.internal.vm.compiler.management jdk.jartool jdk.javadoc jdk.jcmd jdk.management jdk.management.agent jdk.jconsole jdk.jdeps jdk.jdwp.agent jdk.jdi jdk.jfr jdk.jshell jdk.jsobject jdk.jstatd jdk.localedata jdk.management.jfr jdk.naming.dns jdk.naming.rmi jdk.net jdk.nio.mapmode jdk.random jdk.sctp jdk.security.auth jdk.security.jgss jdk.unsupported jdk.unsupported.desktop jdk.xml.dom" 

Environment Variables:
PATH=C:\Program Files\Common Files\Oracle\Java\javapath;C:\WINDOWS\system32;C:\WINDOWS;C:\WINDOWS\System32\Wbem;C:\WINDOWS\System32\WindowsPowerShell\v1.0\;C:\WINDOWS\System32\OpenSSH\;C:\Program Files\PuTTY\;C:\Program Files\Git\cmd;C:\Program Files\nodejs\;C:\Users\manoj\.console-ninja\.bin;C:\Users\manoj\AppData\Local\Microsoft\WindowsApps;C:\Users\manoj\AppData\Local\Programs\cursor\resources\app\bin;C:\Users\manoj\AppData\Local\GitHubDesktop\bin;C:\Users\manoj\AppData\Local\Programs\Microsoft VS Code\bin;C:\Users\manoj\AppData\Roaming\npm;C:\Users\manoj\AppData\Local\Android\Sdk\platform-tools;C:\Users\manoj\AppData\Local\Android\Sdk\emulator;C:\Kotlin\kotlinc\bin;\bin;D:\xampp\php;C:\ProgramData\ComposerSetup\bin;C:\ffmpeg\bin;C:\liquidsoap;C:\Users\manoj\.console-ninja\.bin;C:\Users\manoj\AppData\Local\Microsoft\WindowsApps;C:\Users\manoj\AppData\Local\Programs\cursor\resources\app\bin;C:\Users\manoj\AppData\Local\GitHubDesktop\bin;C:\Users\manoj\AppData\Local\Programs\Microsoft VS Code\bin;C:\Users\manoj\AppData\Roaming\npm;C:\Users\manoj\AppData\Local\Android\Sdk\platform-tools;C:\Users\manoj\AppData\Local\Android\Sdk\emulator;C:\Users\manoj\AppData\Roaming\Composer\vendor\bin;C:\ffmpeg\bin;C:\liquidsoap;
USERNAME=manoj
OS=Windows_NT
PROCESSOR_IDENTIFIER=Intel64 Family 6 Model 94 Stepping 3, GenuineIntel
TMP=C:\Users\manoj\AppData\Local\Temp
TEMP=C:\Users\manoj\AppData\Local\Temp




Periodic native trim disabled

---------------  S Y S T E M  ---------------

OS:
 Windows 11 , 64 bit Build 26100 (10.0.26100.7019)
OS uptime: 0 days 0:17 hours
Hyper-V role detected

CPU: total 4 (initial active 4) (4 cores per cpu, 1 threads per core) family 6 model 94 stepping 3 microcode 0xf2, cx8, cmov, fxsr, mmx, 3dnowpref, sse, sse2, sse3, ssse3, sse4.1, sse4.2, popcnt, lzcnt, tsc, tscinvbit, avx, avx2, aes, erms, clmul, bmi1, bmi2, rtm, adx, fma, vzeroupper, clflush, clflushopt, hv, rdtscp, f16c
Processor Information for the first 4 processors :
  Max Mhz: 2496, Current Mhz: 2496, Mhz Limit: 2496

Memory: 4k page, system-wide physical 16232M (5740M free)
TotalPageFile size 19816M (AvailPageFile size 9633M)
current process WorkingSet (physical memory assigned to process): 140M, peak: 152M
current process commit charge ("private bytes"): 260M, peak: 272M

vm_info: OpenJDK 64-Bit Server VM (21.0.9+10-LTS) for windows-amd64 JRE (21.0.9+10-LTS), built on 2025-10-21T00:00:00Z by "admin" with unknown MS VC++:1942

END.
